<?xml version="1.0" encoding="UTF-8"?>
<!-- Generated by org.testng.reporters.JUnitXMLReporter -->
<testsuite ignored="0" hostname="DESKTOP-UHP76H8" failures="0" tests="3" name="Default test" time="27.887" errors="0" timestamp="2024-04-19T11:02:34 EDT">
  <testcase classname="test_scenarios.TestMethods" name="searching" time="4.675"/>
  <testcase classname="test_scenarios.TestMethods" name="scrollSelect" time="2.318"/>
  <testcase classname="test_scenarios.TestMethods" name="cartAndPlacing" time="6.814"/>
</testsuite> <!-- Default test -->
