<?xml version="1.0" encoding="UTF-8"?>
<testng-results ignored="0" total="3" passed="3" failed="0" skipped="0">
  <reporter-output>
  </reporter-output>
  <suite started-at="2024-04-19T11:02:06 EDT" name="Default suite" finished-at="2024-04-19T11:02:34 EDT" duration-ms="27887">
    <groups>
    </groups>
    <test started-at="2024-04-19T11:02:06 EDT" name="Default test" finished-at="2024-04-19T11:02:34 EDT" duration-ms="27887">
      <class name="test_scenarios.TestMethods">
        <test-method is-config="true" signature="beforeTest()[pri:0, instance:test_scenarios.TestMethods@3e27ba32]" started-at="2024-04-19T11:02:06 EDT" name="beforeTest" finished-at="2024-04-19T11:02:20 EDT" duration-ms="13988" status="PASS">
          <reporter-output>
          </reporter-output>
        </test-method> <!-- beforeTest -->
        <test-method signature="searching()[pri:0, instance:test_scenarios.TestMethods@3e27ba32]" started-at="2024-04-19T11:02:20 EDT" name="searching" finished-at="2024-04-19T11:02:25 EDT" duration-ms="4675" status="PASS">
          <reporter-output>
          </reporter-output>
        </test-method> <!-- searching -->
        <test-method signature="scrollSelect()[pri:1, instance:test_scenarios.TestMethods@3e27ba32]" started-at="2024-04-19T11:02:25 EDT" name="scrollSelect" finished-at="2024-04-19T11:02:27 EDT" duration-ms="2318" status="PASS">
          <reporter-output>
          </reporter-output>
        </test-method> <!-- scrollSelect -->
        <test-method signature="cartAndPlacing()[pri:2, instance:test_scenarios.TestMethods@3e27ba32]" started-at="2024-04-19T11:02:27 EDT" name="cartAndPlacing" finished-at="2024-04-19T11:02:34 EDT" duration-ms="6814" status="PASS">
          <reporter-output>
          </reporter-output>
        </test-method> <!-- cartAndPlacing -->
      </class> <!-- test_scenarios.TestMethods -->
    </test> <!-- Default test -->
  </suite> <!-- Default suite -->
</testng-results>
